L 1 "..\tplib\aes128.c"
N/*
NThis is an implementation of the AES algorithm, specifically ECB, CTR and CBC mode.
NBlock size can be chosen in aes.h - available choices are AES128, AES192, AES256.
NThe implementation is verified against the test vectors in:
N  National Institute of Standards and Technology Special Publication 800-38A 2001 ED
NECB-AES128
N----------
N  plain-text:
N    6bc1bee22e409f96e93d7e117393172a
N    ae2d8a571e03ac9c9eb76fac45af8e51
N    30c81c46a35ce411e5fbc1191a0a52ef
N    f69f2445df4f9b17ad2b417be66c3710
N  key:
N    2b7e151628aed2a6abf7158809cf4f3c
N  resulting cipher
N    3ad77bb40d7a3660a89ecaf32466ef97 
N    f5d3d58503b9699de785895a96fdbaaf 
N    43b1cd7f598ece23881b00e3ed030688 
N    7b0c785e27e8ad3f8223207104725dd4 
NNOTE:   String length must be evenly divisible by 16byte (str_len % 16 == 0)
N        You should pad the end of the string with zeros if this is not the case.
N        For AES192/256 the key size is proportionally larger.
N*/
N
N
N/*****************************************************************************/
N/* Includes:                                                                 */
N/*****************************************************************************/
N#include <stdint.h>
L 1 "D:\Keil_v5\ARM\ARMCC\Bin\..\include\stdint.h" 1
N/* Copyright (C) ARM Ltd., 1999,2014 */
N/* All rights reserved */
N
N/*
N * RCS $Revision: 185525 $
N * Checkin $Date: 2014-05-29 12:44:48 +0100 (Thu, 29 May 2014) $
N * Revising $Author: agrant $
N */
N
N#ifndef __stdint_h
N#define __stdint_h
N#define __ARMCLIB_VERSION 5060002
N
N  #ifdef __INT64_TYPE__
S    /* armclang predefines '__INT64_TYPE__' and '__INT64_C_SUFFIX__' */
S    #define __INT64 __INT64_TYPE__
N  #else
N    /* armcc has builtin '__int64' which can be used in --strict mode */
N    #define __INT64 __int64
N    #define __INT64_C_SUFFIX__ ll
N  #endif
N  #define __PASTE2(x, y) x ## y
N  #define __PASTE(x, y) __PASTE2(x, y)
N  #define __INT64_C(x)  __ESCAPE__(__PASTE(x, __INT64_C_SUFFIX__))
N  #define __UINT64_C(x)  __ESCAPE__(__PASTE(x ## u, __INT64_C_SUFFIX__))
N  #if defined(__clang__) || (defined(__ARMCC_VERSION) && !defined(__STRICT_ANSI__))
X  #if 0L || (1L && !0L)
N    /* armclang and non-strict armcc allow 'long long' in system headers */
N    #define __LONGLONG long long
N  #else
S    /* strict armcc has '__int64' */
S    #define __LONGLONG __int64
N  #endif
N
N  #ifndef __STDINT_DECLS
N  #define __STDINT_DECLS
N
N    #undef __CLIBNS
N
N    #ifdef __cplusplus
S      namespace std {
S          #define __CLIBNS std::
S          extern "C" {
N    #else
N      #define __CLIBNS
N    #endif  /* __cplusplus */
N
N
N/*
N * 'signed' is redundant below, except for 'signed char' and if
N * the typedef is used to declare a bitfield.
N */
N
N    /* 7.18.1.1 */
N
N    /* exact-width signed integer types */
Ntypedef   signed          char int8_t;
Ntypedef   signed short     int int16_t;
Ntypedef   signed           int int32_t;
Ntypedef   signed       __INT64 int64_t;
Xtypedef   signed       __int64 int64_t;
N
N    /* exact-width unsigned integer types */
Ntypedef unsigned          char uint8_t;
Ntypedef unsigned short     int uint16_t;
Ntypedef unsigned           int uint32_t;
Ntypedef unsigned       __INT64 uint64_t;
Xtypedef unsigned       __int64 uint64_t;
N
N    /* 7.18.1.2 */
N
N    /* smallest type of at least n bits */
N    /* minimum-width signed integer types */
Ntypedef   signed          char int_least8_t;
Ntypedef   signed short     int int_least16_t;
Ntypedef   signed           int int_least32_t;
Ntypedef   signed       __INT64 int_least64_t;
Xtypedef   signed       __int64 int_least64_t;
N
N    /* minimum-width unsigned integer types */
Ntypedef unsigned          char uint_least8_t;
Ntypedef unsigned short     int uint_least16_t;
Ntypedef unsigned           int uint_least32_t;
Ntypedef unsigned       __INT64 uint_least64_t;
Xtypedef unsigned       __int64 uint_least64_t;
N
N    /* 7.18.1.3 */
N
N    /* fastest minimum-width signed integer types */
Ntypedef   signed           int int_fast8_t;
Ntypedef   signed           int int_fast16_t;
Ntypedef   signed           int int_fast32_t;
Ntypedef   signed       __INT64 int_fast64_t;
Xtypedef   signed       __int64 int_fast64_t;
N
N    /* fastest minimum-width unsigned integer types */
Ntypedef unsigned           int uint_fast8_t;
Ntypedef unsigned           int uint_fast16_t;
Ntypedef unsigned           int uint_fast32_t;
Ntypedef unsigned       __INT64 uint_fast64_t;
Xtypedef unsigned       __int64 uint_fast64_t;
N
N    /* 7.18.1.4 integer types capable of holding object pointers */
N#if __sizeof_ptr == 8
X#if 4 == 8
Stypedef   signed       __INT64 intptr_t;
Stypedef unsigned       __INT64 uintptr_t;
N#else
Ntypedef   signed           int intptr_t;
Ntypedef unsigned           int uintptr_t;
N#endif
N
N    /* 7.18.1.5 greatest-width integer types */
Ntypedef   signed     __LONGLONG intmax_t;
Xtypedef   signed     long long intmax_t;
Ntypedef unsigned     __LONGLONG uintmax_t;
Xtypedef unsigned     long long uintmax_t;
N
N
N#if !defined(__cplusplus) || defined(__STDC_LIMIT_MACROS)
X#if !0L || 0L
N
N    /* 7.18.2.1 */
N
N    /* minimum values of exact-width signed integer types */
N#define INT8_MIN                   -128
N#define INT16_MIN                -32768
N#define INT32_MIN          (~0x7fffffff)   /* -2147483648 is unsigned */
N#define INT64_MIN  __INT64_C(~0x7fffffffffffffff) /* -9223372036854775808 is unsigned */
N
N    /* maximum values of exact-width signed integer types */
N#define INT8_MAX                    127
N#define INT16_MAX                 32767
N#define INT32_MAX            2147483647
N#define INT64_MAX  __INT64_C(9223372036854775807)
N
N    /* maximum values of exact-width unsigned integer types */
N#define UINT8_MAX                   255
N#define UINT16_MAX                65535
N#define UINT32_MAX           4294967295u
N#define UINT64_MAX __UINT64_C(18446744073709551615)
N
N    /* 7.18.2.2 */
N
N    /* minimum values of minimum-width signed integer types */
N#define INT_LEAST8_MIN                   -128
N#define INT_LEAST16_MIN                -32768
N#define INT_LEAST32_MIN          (~0x7fffffff)
N#define INT_LEAST64_MIN  __INT64_C(~0x7fffffffffffffff)
N
N    /* maximum values of minimum-width signed integer types */
N#define INT_LEAST8_MAX                    127
N#define INT_LEAST16_MAX                 32767
N#define INT_LEAST32_MAX            2147483647
N#define INT_LEAST64_MAX  __INT64_C(9223372036854775807)
N
N    /* maximum values of minimum-width unsigned integer types */
N#define UINT_LEAST8_MAX                   255
N#define UINT_LEAST16_MAX                65535
N#define UINT_LEAST32_MAX           4294967295u
N#define UINT_LEAST64_MAX __UINT64_C(18446744073709551615)
N
N    /* 7.18.2.3 */
N
N    /* minimum values of fastest minimum-width signed integer types */
N#define INT_FAST8_MIN           (~0x7fffffff)
N#define INT_FAST16_MIN          (~0x7fffffff)
N#define INT_FAST32_MIN          (~0x7fffffff)
N#define INT_FAST64_MIN  __INT64_C(~0x7fffffffffffffff)
N
N    /* maximum values of fastest minimum-width signed integer types */
N#define INT_FAST8_MAX             2147483647
N#define INT_FAST16_MAX            2147483647
N#define INT_FAST32_MAX            2147483647
N#define INT_FAST64_MAX  __INT64_C(9223372036854775807)
N
N    /* maximum values of fastest minimum-width unsigned integer types */
N#define UINT_FAST8_MAX            4294967295u
N#define UINT_FAST16_MAX           4294967295u
N#define UINT_FAST32_MAX           4294967295u
N#define UINT_FAST64_MAX __UINT64_C(18446744073709551615)
N
N    /* 7.18.2.4 */
N
N    /* minimum value of pointer-holding signed integer type */
N#if __sizeof_ptr == 8
X#if 4 == 8
S#define INTPTR_MIN INT64_MIN
N#else
N#define INTPTR_MIN INT32_MIN
N#endif
N
N    /* maximum value of pointer-holding signed integer type */
N#if __sizeof_ptr == 8
X#if 4 == 8
S#define INTPTR_MAX INT64_MAX
N#else
N#define INTPTR_MAX INT32_MAX
N#endif
N
N    /* maximum value of pointer-holding unsigned integer type */
N#if __sizeof_ptr == 8
X#if 4 == 8
S#define UINTPTR_MAX INT64_MAX
N#else
N#define UINTPTR_MAX INT32_MAX
N#endif
N
N    /* 7.18.2.5 */
N
N    /* minimum value of greatest-width signed integer type */
N#define INTMAX_MIN  __ESCAPE__(~0x7fffffffffffffffll)
N
N    /* maximum value of greatest-width signed integer type */
N#define INTMAX_MAX  __ESCAPE__(9223372036854775807ll)
N
N    /* maximum value of greatest-width unsigned integer type */
N#define UINTMAX_MAX __ESCAPE__(18446744073709551615ull)
N
N    /* 7.18.3 */
N
N    /* limits of ptrdiff_t */
N#if __sizeof_ptr == 8
X#if 4 == 8
S#define PTRDIFF_MIN INT64_MIN
S#define PTRDIFF_MAX INT64_MAX
N#else
N#define PTRDIFF_MIN INT32_MIN
N#define PTRDIFF_MAX INT32_MAX
N#endif
N
N    /* limits of sig_atomic_t */
N#define SIG_ATOMIC_MIN (~0x7fffffff)
N#define SIG_ATOMIC_MAX   2147483647
N
N    /* limit of size_t */
N#if __sizeof_ptr == 8
X#if 4 == 8
S#define SIZE_MAX UINT64_MAX
N#else
N#define SIZE_MAX UINT32_MAX
N#endif
N
N    /* limits of wchar_t */
N    /* NB we have to undef and redef because they're defined in both
N     * stdint.h and wchar.h */
N#undef WCHAR_MIN
N#undef WCHAR_MAX
N
N#if defined(__WCHAR32) || (defined(__ARM_SIZEOF_WCHAR_T) && __ARM_SIZEOF_WCHAR_T == 4)
X#if 0L || (0L && __ARM_SIZEOF_WCHAR_T == 4)
S  #define WCHAR_MIN   0
S  #define WCHAR_MAX   0xffffffffU
N#else
N  #define WCHAR_MIN   0
N  #define WCHAR_MAX   65535
N#endif
N
N    /* limits of wint_t */
N#define WINT_MIN (~0x7fffffff)
N#define WINT_MAX 2147483647
N
N#endif /* __STDC_LIMIT_MACROS */
N
N#if !defined(__cplusplus) || defined(__STDC_CONSTANT_MACROS)
X#if !0L || 0L
N
N    /* 7.18.4.1 macros for minimum-width integer constants */
N#define INT8_C(x)   (x)
N#define INT16_C(x)  (x)
N#define INT32_C(x)  (x)
N#define INT64_C(x)  __INT64_C(x)
N
N#define UINT8_C(x)  (x ## u)
N#define UINT16_C(x) (x ## u)
N#define UINT32_C(x) (x ## u)
N#define UINT64_C(x) __UINT64_C(x)
N
N    /* 7.18.4.2 macros for greatest-width integer constants */
N#define INTMAX_C(x)  __ESCAPE__(x ## ll)
N#define UINTMAX_C(x) __ESCAPE__(x ## ull)
N
N#endif /* __STDC_CONSTANT_MACROS */
N
N    #ifdef __cplusplus
S         }  /* extern "C" */
S      }  /* namespace std */
N    #endif /* __cplusplus */
N  #endif /* __STDINT_DECLS */
N
N  #ifdef __cplusplus
S    #ifndef __STDINT_NO_EXPORTS
S      using ::std::int8_t;
S      using ::std::int16_t;
S      using ::std::int32_t;
S      using ::std::int64_t;
S      using ::std::uint8_t;
S      using ::std::uint16_t;
S      using ::std::uint32_t;
S      using ::std::uint64_t;
S      using ::std::int_least8_t;
S      using ::std::int_least16_t;
S      using ::std::int_least32_t;
S      using ::std::int_least64_t;
S      using ::std::uint_least8_t;
S      using ::std::uint_least16_t;
S      using ::std::uint_least32_t;
S      using ::std::uint_least64_t;
S      using ::std::int_fast8_t;
S      using ::std::int_fast16_t;
S      using ::std::int_fast32_t;
S      using ::std::int_fast64_t;
S      using ::std::uint_fast8_t;
S      using ::std::uint_fast16_t;
S      using ::std::uint_fast32_t;
S      using ::std::uint_fast64_t;
S      using ::std::intptr_t;
S      using ::std::uintptr_t;
S      using ::std::intmax_t;
S      using ::std::uintmax_t;
S    #endif
N  #endif /* __cplusplus */
N
N#undef __INT64
N#undef __LONGLONG
N
N#endif /* __stdint_h */
N
N/* end of stdint.h */
L 30 "..\tplib\aes128.c" 2
N#include <string.h> // CBC mode, for memset
L 1 "D:\Keil_v5\ARM\ARMCC\Bin\..\include\string.h" 1
N/* string.h: ANSI 'C' (X3J11 Oct 88) library header, section 4.11 */
N/* Copyright (C) Codemist Ltd., 1988-1993.                        */
N/* Copyright 1991-1993 ARM Limited. All rights reserved.          */
N/* version 0.04 */
N
N/*
N * RCS $Revision: 185525 $
N * Checkin $Date: 2014-05-29 12:44:48 +0100 (Thu, 29 May 2014) $
N */
N
N/*
N * string.h declares one type and several functions, and defines one macro
N * useful for manipulating character arrays and other objects treated as
N * character arrays. Various methods are used for determining the lengths of
N * the arrays, but in all cases a char * or void * argument points to the
N * initial (lowest addresses) character of the array. If an array is written
N * beyond the end of an object, the behaviour is undefined.
N */
N
N#ifndef __string_h
N#define __string_h
N#define __ARMCLIB_VERSION 5060002
N
N#define _ARMABI __declspec(__nothrow)
N
N  #ifndef __STRING_DECLS
N  #define __STRING_DECLS
N
N    #undef __CLIBNS
N
N    #ifdef __cplusplus
S        namespace std {
S        #define __CLIBNS std::
S        extern "C" {
N    #else
N      #define __CLIBNS
N    #endif  /* __cplusplus */
N
N#if defined(__cplusplus) || !defined(__STRICT_ANSI__)
X#if 0L || !0L
N /* unconditional in C++ and non-strict C for consistency of debug info */
N  #if __sizeof_ptr == 8
X  #if 4 == 8
S    typedef unsigned long size_t;   /* see <stddef.h> */
N  #else
N    typedef unsigned int size_t;   /* see <stddef.h> */
N  #endif
N#elif !defined(__size_t)
S  #define __size_t 1
S  #if __sizeof_ptr == 8
S    typedef unsigned long size_t;   /* see <stddef.h> */
S  #else
S    typedef unsigned int size_t;   /* see <stddef.h> */
S  #endif
N#endif
N
N#undef NULL
N#define NULL 0                   /* see <stddef.h> */
N
Nextern _ARMABI void *memcpy(void * __restrict /*s1*/,
Xextern __declspec(__nothrow) void *memcpy(void * __restrict  ,
N                    const void * __restrict /*s2*/, size_t /*n*/) __attribute__((__nonnull__(1,2)));
N   /*
N    * copies n characters from the object pointed to by s2 into the object
N    * pointed to by s1. If copying takes place between objects that overlap,
N    * the behaviour is undefined.
N    * Returns: the value of s1.
N    */
Nextern _ARMABI void *memmove(void * /*s1*/,
Xextern __declspec(__nothrow) void *memmove(void *  ,
N                    const void * /*s2*/, size_t /*n*/) __attribute__((__nonnull__(1,2)));
N   /*
N    * copies n characters from the object pointed to by s2 into the object
N    * pointed to by s1. Copying takes place as if the n characters from the
N    * object pointed to by s2 are first copied into a temporary array of n
N    * characters that does not overlap the objects pointed to by s1 and s2,
N    * and then the n characters from the temporary array are copied into the
N    * object pointed to by s1.
N    * Returns: the value of s1.
N    */
Nextern _ARMABI char *strcpy(char * __restrict /*s1*/, const char * __restrict /*s2*/) __attribute__((__nonnull__(1,2)));
Xextern __declspec(__nothrow) char *strcpy(char * __restrict  , const char * __restrict  ) __attribute__((__nonnull__(1,2)));
N   /*
N    * copies the string pointed to by s2 (including the terminating nul
N    * character) into the array pointed to by s1. If copying takes place
N    * between objects that overlap, the behaviour is undefined.
N    * Returns: the value of s1.
N    */
Nextern _ARMABI char *strncpy(char * __restrict /*s1*/, const char * __restrict /*s2*/, size_t /*n*/) __attribute__((__nonnull__(1,2)));
Xextern __declspec(__nothrow) char *strncpy(char * __restrict  , const char * __restrict  , size_t  ) __attribute__((__nonnull__(1,2)));
N   /*
N    * copies not more than n characters (characters that follow a null
N    * character are not copied) from the array pointed to by s2 into the array
N    * pointed to by s1. If copying takes place between objects that overlap,
N    * the behaviour is undefined.
N    * Returns: the value of s1.
N    */
N
Nextern _ARMABI char *strcat(char * __restrict /*s1*/, const char * __restrict /*s2*/) __attribute__((__nonnull__(1,2)));
Xextern __declspec(__nothrow) char *strcat(char * __restrict  , const char * __restrict  ) __attribute__((__nonnull__(1,2)));
N   /*
N    * appends a copy of the string pointed to by s2 (including the terminating
N    * null character) to the end of the string pointed to by s1. The initial
N    * character of s2 overwrites the null character at the end of s1.
N    * Returns: the value of s1.
N    */
Nextern _ARMABI char *strncat(char * __restrict /*s1*/, const char * __restrict /*s2*/, size_t /*n*/) __attribute__((__nonnull__(1,2)));
Xextern __declspec(__nothrow) char *strncat(char * __restrict  , const char * __restrict  , size_t  ) __attribute__((__nonnull__(1,2)));
N   /*
N    * appends not more than n characters (a null character and characters that
N    * follow it are not appended) from the array pointed to by s2 to the end of
N    * the string pointed to by s1. The initial character of s2 overwrites the
N    * null character at the end of s1. A terminating null character is always
N    * appended to the result.
N    * Returns: the value of s1.
N    */
N
N/*
N * The sign of a nonzero value returned by the comparison functions is
N * determined by the sign of the difference between the values of the first
N * pair of characters (both interpreted as unsigned char) that differ in the
N * objects being compared.
N */
N
Nextern _ARMABI int memcmp(const void * /*s1*/, const void * /*s2*/, size_t /*n*/) __attribute__((__nonnull__(1,2)));
Xextern __declspec(__nothrow) int memcmp(const void *  , const void *  , size_t  ) __attribute__((__nonnull__(1,2)));
N   /*
N    * compares the first n characters of the object pointed to by s1 to the
N    * first n characters of the object pointed to by s2.
N    * Returns: an integer greater than, equal to, or less than zero, according
N    *          as the object pointed to by s1 is greater than, equal to, or
N    *          less than the object pointed to by s2.
N    */
Nextern _ARMABI int strcmp(const char * /*s1*/, const char * /*s2*/) __attribute__((__nonnull__(1,2)));
Xextern __declspec(__nothrow) int strcmp(const char *  , const char *  ) __attribute__((__nonnull__(1,2)));
N   /*
N    * compares the string pointed to by s1 to the string pointed to by s2.
N    * Returns: an integer greater than, equal to, or less than zero, according
N    *          as the string pointed to by s1 is greater than, equal to, or
N    *          less than the string pointed to by s2.
N    */
Nextern _ARMABI int strncmp(const char * /*s1*/, const char * /*s2*/, size_t /*n*/) __attribute__((__nonnull__(1,2)));
Xextern __declspec(__nothrow) int strncmp(const char *  , const char *  , size_t  ) __attribute__((__nonnull__(1,2)));
N   /*
N    * compares not more than n characters (characters that follow a null
N    * character are not compared) from the array pointed to by s1 to the array
N    * pointed to by s2.
N    * Returns: an integer greater than, equal to, or less than zero, according
N    *          as the string pointed to by s1 is greater than, equal to, or
N    *          less than the string pointed to by s2.
N    */
Nextern _ARMABI int strcasecmp(const char * /*s1*/, const char * /*s2*/) __attribute__((__nonnull__(1,2)));
Xextern __declspec(__nothrow) int strcasecmp(const char *  , const char *  ) __attribute__((__nonnull__(1,2)));
N   /*
N    * compares the string pointed to by s1 to the string pointed to by s2,
N    * case-insensitively as defined by the current locale.
N    * Returns: an integer greater than, equal to, or less than zero, according
N    *          as the string pointed to by s1 is greater than, equal to, or
N    *          less than the string pointed to by s2.
N    */
Nextern _ARMABI int strncasecmp(const char * /*s1*/, const char * /*s2*/, size_t /*n*/) __attribute__((__nonnull__(1,2)));
Xextern __declspec(__nothrow) int strncasecmp(const char *  , const char *  , size_t  ) __attribute__((__nonnull__(1,2)));
N   /*
N    * compares not more than n characters (characters that follow a null
N    * character are not compared) from the array pointed to by s1 to the array
N    * pointed to by s2, case-insensitively as defined by the current locale.
N    * Returns: an integer greater than, equal to, or less than zero, according
N    *          as the string pointed to by s1 is greater than, equal to, or
N    *          less than the string pointed to by s2.
N    */
Nextern _ARMABI int strcoll(const char * /*s1*/, const char * /*s2*/) __attribute__((__nonnull__(1,2)));
Xextern __declspec(__nothrow) int strcoll(const char *  , const char *  ) __attribute__((__nonnull__(1,2)));
N   /*
N    * compares the string pointed to by s1 to the string pointed to by s2, both
N    * interpreted as appropriate to the LC_COLLATE category of the current
N    * locale.
N    * Returns: an integer greater than, equal to, or less than zero, according
N    *          as the string pointed to by s1 is greater than, equal to, or
N    *          less than the string pointed to by s2 when both are interpreted
N    *          as appropriate to the current locale.
N    */
N
Nextern _ARMABI size_t strxfrm(char * __restrict /*s1*/, const char * __restrict /*s2*/, size_t /*n*/) __attribute__((__nonnull__(2)));
Xextern __declspec(__nothrow) size_t strxfrm(char * __restrict  , const char * __restrict  , size_t  ) __attribute__((__nonnull__(2)));
N   /*
N    * transforms the string pointed to by s2 and places the resulting string
N    * into the array pointed to by s1. The transformation function is such that
N    * if the strcmp function is applied to two transformed strings, it returns
N    * a value greater than, equal to or less than zero, corresponding to the
N    * result of the strcoll function applied to the same two original strings.
N    * No more than n characters are placed into the resulting array pointed to
N    * by s1, including the terminating null character. If n is zero, s1 is
N    * permitted to be a null pointer. If copying takes place between objects
N    * that overlap, the behaviour is undefined.
N    * Returns: The length of the transformed string is returned (not including
N    *          the terminating null character). If the value returned is n or
N    *          more, the contents of the array pointed to by s1 are
N    *          indeterminate.
N    */
N
N
N#ifdef __cplusplus
Sextern _ARMABI const void *memchr(const void * /*s*/, int /*c*/, size_t /*n*/) __attribute__((__nonnull__(1)));
Sextern "C++" void *memchr(void * __s, int __c, size_t __n) __attribute__((__nonnull__(1)));
Sextern "C++" inline void *memchr(void * __s, int __c, size_t __n)
S    { return const_cast<void *>(memchr(const_cast<const void *>(__s), __c, __n)); }
N#else
Nextern _ARMABI void *memchr(const void * /*s*/, int /*c*/, size_t /*n*/) __attribute__((__nonnull__(1)));
Xextern __declspec(__nothrow) void *memchr(const void *  , int  , size_t  ) __attribute__((__nonnull__(1)));
N#endif
N   /*
N    * locates the first occurence of c (converted to an unsigned char) in the
N    * initial n characters (each interpreted as unsigned char) of the object
N    * pointed to by s.
N    * Returns: a pointer to the located character, or a null pointer if the
N    *          character does not occur in the object.
N    */
N
N#ifdef __cplusplus
Sextern _ARMABI const char *strchr(const char * /*s*/, int /*c*/) __attribute__((__nonnull__(1)));
Sextern "C++" char *strchr(char * __s, int __c) __attribute__((__nonnull__(1)));
Sextern "C++" inline char *strchr(char * __s, int __c)
S    { return const_cast<char *>(strchr(const_cast<const char *>(__s), __c)); }
N#else
Nextern _ARMABI char *strchr(const char * /*s*/, int /*c*/) __attribute__((__nonnull__(1)));
Xextern __declspec(__nothrow) char *strchr(const char *  , int  ) __attribute__((__nonnull__(1)));
N#endif
N   /*
N    * locates the first occurence of c (converted to an char) in the string
N    * pointed to by s (including the terminating null character).
N    * Returns: a pointer to the located character, or a null pointer if the
N    *          character does not occur in the string.
N    */
N
Nextern _ARMABI size_t strcspn(const char * /*s1*/, const char * /*s2*/) __attribute__((__nonnull__(1,2)));
Xextern __declspec(__nothrow) size_t strcspn(const char *  , const char *  ) __attribute__((__nonnull__(1,2)));
N   /*
N    * computes the length of the initial segment of the string pointed to by s1
N    * which consists entirely of characters not from the string pointed to by
N    * s2. The terminating null character is not considered part of s2.
N    * Returns: the length of the segment.
N    */
N
N#ifdef __cplusplus
Sextern _ARMABI const char *strpbrk(const char * /*s1*/, const char * /*s2*/) __attribute__((__nonnull__(1,2)));
Sextern "C++" char *strpbrk(char * __s1, const char * __s2) __attribute__((__nonnull__(1,2)));
Sextern "C++" inline char *strpbrk(char * __s1, const char * __s2)
S    { return const_cast<char *>(strpbrk(const_cast<const char *>(__s1), __s2)); }
N#else
Nextern _ARMABI char *strpbrk(const char * /*s1*/, const char * /*s2*/) __attribute__((__nonnull__(1,2)));
Xextern __declspec(__nothrow) char *strpbrk(const char *  , const char *  ) __attribute__((__nonnull__(1,2)));
N#endif
N   /*
N    * locates the first occurence in the string pointed to by s1 of any
N    * character from the string pointed to by s2.
N    * Returns: returns a pointer to the character, or a null pointer if no
N    *          character form s2 occurs in s1.
N    */
N
N#ifdef __cplusplus
Sextern _ARMABI const char *strrchr(const char * /*s*/, int /*c*/) __attribute__((__nonnull__(1)));
Sextern "C++" char *strrchr(char * __s, int __c) __attribute__((__nonnull__(1)));
Sextern "C++" inline char *strrchr(char * __s, int __c)
S    { return const_cast<char *>(strrchr(const_cast<const char *>(__s), __c)); }
N#else
Nextern _ARMABI char *strrchr(const char * /*s*/, int /*c*/) __attribute__((__nonnull__(1)));
Xextern __declspec(__nothrow) char *strrchr(const char *  , int  ) __attribute__((__nonnull__(1)));
N#endif
N   /*
N    * locates the last occurence of c (converted to a char) in the string
N    * pointed to by s. The terminating null character is considered part of
N    * the string.
N    * Returns: returns a pointer to the character, or a null pointer if c does
N    *          not occur in the string.
N    */
N
Nextern _ARMABI size_t strspn(const char * /*s1*/, const char * /*s2*/) __attribute__((__nonnull__(1,2)));
Xextern __declspec(__nothrow) size_t strspn(const char *  , const char *  ) __attribute__((__nonnull__(1,2)));
N   /*
N    * computes the length of the initial segment of the string pointed to by s1
N    * which consists entirely of characters from the string pointed to by S2
N    * Returns: the length of the segment.
N    */
N
N#ifdef __cplusplus
Sextern _ARMABI const char *strstr(const char * /*s1*/, const char * /*s2*/) __attribute__((__nonnull__(1,2)));
Sextern "C++" char *strstr(char * __s1, const char * __s2) __attribute__((__nonnull__(1,2)));
Sextern "C++" inline char *strstr(char * __s1, const char * __s2)
S    { return const_cast<char *>(strstr(const_cast<const char *>(__s1), __s2)); }
N#else
Nextern _ARMABI char *strstr(const char * /*s1*/, const char * /*s2*/) __attribute__((__nonnull__(1,2)));
Xextern __declspec(__nothrow) char *strstr(const char *  , const char *  ) __attribute__((__nonnull__(1,2)));
N#endif
N   /*
N    * locates the first occurence in the string pointed to by s1 of the
N    * sequence of characters (excluding the terminating null character) in the
N    * string pointed to by s2.
N    * Returns: a pointer to the located string, or a null pointer if the string
N    *          is not found.
N    */
N
Nextern _ARMABI char *strtok(char * __restrict /*s1*/, const char * __restrict /*s2*/) __attribute__((__nonnull__(2)));
Xextern __declspec(__nothrow) char *strtok(char * __restrict  , const char * __restrict  ) __attribute__((__nonnull__(2)));
Nextern _ARMABI char *_strtok_r(char * /*s1*/, const char * /*s2*/, char ** /*ptr*/) __attribute__((__nonnull__(2,3)));
Xextern __declspec(__nothrow) char *_strtok_r(char *  , const char *  , char **  ) __attribute__((__nonnull__(2,3)));
N#ifndef __STRICT_ANSI__
Nextern _ARMABI char *strtok_r(char * /*s1*/, const char * /*s2*/, char ** /*ptr*/) __attribute__((__nonnull__(2,3)));
Xextern __declspec(__nothrow) char *strtok_r(char *  , const char *  , char **  ) __attribute__((__nonnull__(2,3)));
N#endif
N   /*
N    * A sequence of calls to the strtok function breaks the string pointed to
N    * by s1 into a sequence of tokens, each of which is delimited by a
N    * character from the string pointed to by s2. The first call in the
N    * sequence has s1 as its first argument, and is followed by calls with a
N    * null pointer as their first argument. The separator string pointed to by
N    * s2 may be different from call to call.
N    * The first call in the sequence searches for the first character that is
N    * not contained in the current separator string s2. If no such character
N    * is found, then there are no tokens in s1 and the strtok function returns
N    * a null pointer. If such a character is found, it is the start of the
N    * first token.
N    * The strtok function then searches from there for a character that is
N    * contained in the current separator string. If no such character is found,
N    * the current token extends to the end of the string pointed to by s1, and
N    * subsequent searches for a token will fail. If such a character is found,
N    * it is overwritten by a null character, which terminates the current
N    * token. The strtok function saves a pointer to the following character,
N    * from which the next search for a token will start.
N    * Each subsequent call, with a null pointer as the value for the first
N    * argument, starts searching from the saved pointer and behaves as
N    * described above.
N    * Returns: pointer to the first character of a token, or a null pointer if
N    *          there is no token.
N    *
N    * strtok_r() is a common extension which works exactly like
N    * strtok(), but instead of storing its state in a hidden
N    * library variable, requires the user to pass in a pointer to a
N    * char * variable which will be used instead. Any sequence of
N    * calls to strtok_r() passing the same char ** pointer should
N    * behave exactly like the corresponding sequence of calls to
N    * strtok(). This means that strtok_r() can safely be used in
N    * multi-threaded programs, and also that you can tokenise two
N    * strings in parallel.
N    */
N
Nextern _ARMABI void *memset(void * /*s*/, int /*c*/, size_t /*n*/) __attribute__((__nonnull__(1)));
Xextern __declspec(__nothrow) void *memset(void *  , int  , size_t  ) __attribute__((__nonnull__(1)));
N   /*
N    * copies the value of c (converted to an unsigned char) into each of the
N    * first n charactes of the object pointed to by s.
N    * Returns: the value of s.
N    */
Nextern _ARMABI char *strerror(int /*errnum*/);
Xextern __declspec(__nothrow) char *strerror(int  );
N   /*
N    * maps the error number in errnum to an error message string.
N    * Returns: a pointer to the string, the contents of which are
N    *          implementation-defined. The array pointed to shall not be
N    *          modified by the program, but may be overwritten by a
N    *          subsequent call to the strerror function.
N    */
Nextern _ARMABI size_t strlen(const char * /*s*/) __attribute__((__nonnull__(1)));
Xextern __declspec(__nothrow) size_t strlen(const char *  ) __attribute__((__nonnull__(1)));
N   /*
N    * computes the length of the string pointed to by s.
N    * Returns: the number of characters that precede the terminating null
N    *          character.
N    */
N
Nextern _ARMABI size_t strlcpy(char * /*dst*/, const char * /*src*/, size_t /*len*/) __attribute__((__nonnull__(1,2)));
Xextern __declspec(__nothrow) size_t strlcpy(char *  , const char *  , size_t  ) __attribute__((__nonnull__(1,2)));
N   /*
N    * copies the string src into the string dst, using no more than
N    * len bytes of dst. Always null-terminates dst _within the
N    * length len (i.e. will copy at most len-1 bytes of string plus
N    * a NUL), unless len is actually zero.
N    * 
N    * Return value is the length of the string that _would_ have
N    * been written, i.e. the length of src. Thus, the operation
N    * succeeded without truncation if and only if ret < len;
N    * otherwise, the value in ret tells you how big to make dst if
N    * you decide to reallocate it. (That value does _not_ include
N    * the NUL.)
N    * 
N    * This is a BSD-derived library extension, which we are
N    * permitted to declare in a standard header because ISO defines
N    * function names beginning with 'str' as reserved for future
N    * expansion of <string.h>.
N    */
N
Nextern _ARMABI size_t strlcat(char * /*dst*/, const char * /*src*/, size_t /*len*/) __attribute__((__nonnull__(1,2)));
Xextern __declspec(__nothrow) size_t strlcat(char *  , const char *  , size_t  ) __attribute__((__nonnull__(1,2)));
N   /*
N    * concatenates the string src to the string dst, using no more
N    * than len bytes of dst. Always null-terminates dst _within the
N    * length len (i.e. will copy at most len-1 bytes of string plus
N    * a NUL), unless len is actually zero.
N    * 
N    * Return value is the length of the string that _would_ have
N    * been written, i.e. the length of src plus the original length
N    * of dst. Thus, the operation succeeded without truncation if
N    * and only if ret < len; otherwise, the value in ret tells you
N    * how big to make dst if you decide to reallocate it. (That
N    * value does _not_ include the NUL.)
N    * 
N    * If no NUL is encountered within the first len bytes of dst,
N    * then the length of dst is considered to have been equal to
N    * len for the purposes of the return value (as if there were a
N    * NUL at dst[len]). Thus, the return value in this case is len
N    * + strlen(src).
N    * 
N    * This is a BSD-derived library extension, which we are
N    * permitted to declare in a standard header because ISO defines
N    * function names beginning with 'str' as reserved for future
N    * expansion of <string.h>.
N    */
N
Nextern _ARMABI void _membitcpybl(void * /*dest*/, const void * /*src*/, int /*destoffset*/, int /*srcoffset*/, size_t /*nbits*/) __attribute__((__nonnull__(1,2)));
Xextern __declspec(__nothrow) void _membitcpybl(void *  , const void *  , int  , int  , size_t  ) __attribute__((__nonnull__(1,2)));
Nextern _ARMABI void _membitcpybb(void * /*dest*/, const void * /*src*/, int /*destoffset*/, int /*srcoffset*/, size_t /*nbits*/) __attribute__((__nonnull__(1,2)));
Xextern __declspec(__nothrow) void _membitcpybb(void *  , const void *  , int  , int  , size_t  ) __attribute__((__nonnull__(1,2)));
Nextern _ARMABI void _membitcpyhl(void * /*dest*/, const void * /*src*/, int /*destoffset*/, int /*srcoffset*/, size_t /*nbits*/) __attribute__((__nonnull__(1,2)));
Xextern __declspec(__nothrow) void _membitcpyhl(void *  , const void *  , int  , int  , size_t  ) __attribute__((__nonnull__(1,2)));
Nextern _ARMABI void _membitcpyhb(void * /*dest*/, const void * /*src*/, int /*destoffset*/, int /*srcoffset*/, size_t /*nbits*/) __attribute__((__nonnull__(1,2)));
Xextern __declspec(__nothrow) void _membitcpyhb(void *  , const void *  , int  , int  , size_t  ) __attribute__((__nonnull__(1,2)));
Nextern _ARMABI void _membitcpywl(void * /*dest*/, const void * /*src*/, int /*destoffset*/, int /*srcoffset*/, size_t /*nbits*/) __attribute__((__nonnull__(1,2)));
Xextern __declspec(__nothrow) void _membitcpywl(void *  , const void *  , int  , int  , size_t  ) __attribute__((__nonnull__(1,2)));
Nextern _ARMABI void _membitcpywb(void * /*dest*/, const void * /*src*/, int /*destoffset*/, int /*srcoffset*/, size_t /*nbits*/) __attribute__((__nonnull__(1,2)));
Xextern __declspec(__nothrow) void _membitcpywb(void *  , const void *  , int  , int  , size_t  ) __attribute__((__nonnull__(1,2)));
Nextern _ARMABI void _membitmovebl(void * /*dest*/, const void * /*src*/, int /*destoffset*/, int /*srcoffset*/, size_t /*nbits*/) __attribute__((__nonnull__(1,2)));
Xextern __declspec(__nothrow) void _membitmovebl(void *  , const void *  , int  , int  , size_t  ) __attribute__((__nonnull__(1,2)));
Nextern _ARMABI void _membitmovebb(void * /*dest*/, const void * /*src*/, int /*destoffset*/, int /*srcoffset*/, size_t /*nbits*/) __attribute__((__nonnull__(1,2)));
Xextern __declspec(__nothrow) void _membitmovebb(void *  , const void *  , int  , int  , size_t  ) __attribute__((__nonnull__(1,2)));
Nextern _ARMABI void _membitmovehl(void * /*dest*/, const void * /*src*/, int /*destoffset*/, int /*srcoffset*/, size_t /*nbits*/) __attribute__((__nonnull__(1,2)));
Xextern __declspec(__nothrow) void _membitmovehl(void *  , const void *  , int  , int  , size_t  ) __attribute__((__nonnull__(1,2)));
Nextern _ARMABI void _membitmovehb(void * /*dest*/, const void * /*src*/, int /*destoffset*/, int /*srcoffset*/, size_t /*nbits*/) __attribute__((__nonnull__(1,2)));
Xextern __declspec(__nothrow) void _membitmovehb(void *  , const void *  , int  , int  , size_t  ) __attribute__((__nonnull__(1,2)));
Nextern _ARMABI void _membitmovewl(void * /*dest*/, const void * /*src*/, int /*destoffset*/, int /*srcoffset*/, size_t /*nbits*/) __attribute__((__nonnull__(1,2)));
Xextern __declspec(__nothrow) void _membitmovewl(void *  , const void *  , int  , int  , size_t  ) __attribute__((__nonnull__(1,2)));
Nextern _ARMABI void _membitmovewb(void * /*dest*/, const void * /*src*/, int /*destoffset*/, int /*srcoffset*/, size_t /*nbits*/) __attribute__((__nonnull__(1,2)));
Xextern __declspec(__nothrow) void _membitmovewb(void *  , const void *  , int  , int  , size_t  ) __attribute__((__nonnull__(1,2)));
N    /*
N     * Copies or moves a piece of memory from one place to another,
N     * with one-bit granularity. So you can start or finish a copy
N     * part way through a byte, and you can copy between regions
N     * with different alignment within a byte.
N     * 
N     * All these functions have the same prototype: two void *
N     * pointers for destination and source, then two integers
N     * giving the bit offset from those pointers, and finally the
N     * number of bits to copy.
N     * 
N     * Just like memcpy and memmove, the "cpy" functions copy as
N     * fast as they can in the assumption that the memory regions
N     * do not overlap, while the "move" functions cope correctly
N     * with overlap.
N     *
N     * Treating memory as a stream of individual bits requires
N     * defining a convention about what order those bits are
N     * considered to be arranged in. The above functions support
N     * multiple conventions:
N     * 
N     *  - the "bl" functions consider the unit of memory to be the
N     *    byte, and consider the bits within each byte to be
N     *    arranged in little-endian fashion, so that the LSB comes
N     *    first. (For example, membitcpybl(a,b,0,7,1) would copy
N     *    the MSB of the byte at b to the LSB of the byte at a.)
N     * 
N     *  - the "bb" functions consider the unit of memory to be the
N     *    byte, and consider the bits within each byte to be
N     *    arranged in big-endian fashion, so that the MSB comes
N     *    first.
N     * 
N     *  - the "hl" functions consider the unit of memory to be the
N     *    16-bit halfword, and consider the bits within each word
N     *    to be arranged in little-endian fashion.
N     * 
N     *  - the "hb" functions consider the unit of memory to be the
N     *    16-bit halfword, and consider the bits within each word
N     *    to be arranged in big-endian fashion.
N     * 
N     *  - the "wl" functions consider the unit of memory to be the
N     *    32-bit word, and consider the bits within each word to be
N     *    arranged in little-endian fashion.
N     * 
N     *  - the "wb" functions consider the unit of memory to be the
N     *    32-bit word, and consider the bits within each word to be
N     *    arranged in big-endian fashion.
N     */
N
N    #ifdef __cplusplus
S         }  /* extern "C" */
S      }  /* namespace std */
N    #endif /* __cplusplus */
N  #endif /* __STRING_DECLS */
N
N  #ifdef __cplusplus
S    #ifndef __STRING_NO_EXPORTS
S      using ::std::size_t;
S      using ::std::memcpy;
S      using ::std::memmove;
S      using ::std::strcpy;
S      using ::std::strncpy;
S      using ::std::strcat;
S      using ::std::strncat;
S      using ::std::memcmp;
S      using ::std::strcmp;
S      using ::std::strncmp;
S      using ::std::strcasecmp;
S      using ::std::strncasecmp;
S      using ::std::strcoll;
S      using ::std::strxfrm;
S      using ::std::memchr;
S      using ::std::strchr;
S      using ::std::strcspn;
S      using ::std::strpbrk;
S      using ::std::strrchr;
S      using ::std::strspn;
S      using ::std::strstr;
S      using ::std::strtok;
S#ifndef __STRICT_ANSI__
S      using ::std::strtok_r;
S#endif
S      using ::std::_strtok_r;
S      using ::std::memset;
S      using ::std::strerror;
S      using ::std::strlen;
S      using ::std::strlcpy;
S      using ::std::strlcat;
S      using ::std::_membitcpybl;
S      using ::std::_membitcpybb;
S      using ::std::_membitcpyhl;
S      using ::std::_membitcpyhb;
S      using ::std::_membitcpywl;
S      using ::std::_membitcpywb;
S      using ::std::_membitmovebl;
S      using ::std::_membitmovebb;
S      using ::std::_membitmovehl;
S      using ::std::_membitmovehb;
S      using ::std::_membitmovewl;
S      using ::std::_membitmovewb;
S    #endif /* __STRING_NO_EXPORTS */
N  #endif /* __cplusplus */
N
N#endif
N
N/* end of string.h */
N
L 31 "..\tplib\aes128.c" 2
N#include "aes128.h"
L 1 "..\tplib\aes128.h" 1
N#ifndef _AES128_H_
N#define _AES128_H_
N
N#include <stdint.h>
N
N// #define the macros below to 1/0 to enable/disable the mode of operation.
N//
N// CBC enables AES encryption in CBC-mode of operation.
N// CTR enables encryption in counter-mode.
N// ECB enables the basic ECB 16-byte block algorithm. All can be enabled simultaneously.
N
N// The #ifndef-guard allows it to be configured before #include'ing or at compile time.
N#ifndef CBC
N  #define CBC 1
N#endif
N
N#ifndef ECB
N  #define ECB 1
N#endif
N
N#ifndef CTR
N  #define CTR 1
N#endif
N
N
N#define AES128 1
N//#define AES192 1
N//#define AES256 1
N
N#define AES_BLOCKLEN 16 //Block length in bytes AES is 128b block only
N
N#if defined(AES256) && (AES256 == 1)
X#if 0L && (AES256 == 1)
S    #define AES_KEYLEN 32
S    #define AES_keyExpSize 240
S#elif defined(AES192) && (AES192 == 1)
X#elif 0L && (AES192 == 1)
S    #define AES_KEYLEN 24
S    #define AES_keyExpSize 208
N#else
N    #define AES_KEYLEN 16   // Key length in bytes
N    #define AES_keyExpSize 176
N#endif
N
Nstruct AES_ctx
N{
N  uint8_t RoundKey[AES_keyExpSize];
X  uint8_t RoundKey[176];
N#if (defined(CBC) && (CBC == 1)) || (defined(CTR) && (CTR == 1))
X#if (1L && (1 == 1)) || (1L && (1 == 1))
N  uint8_t Iv[AES_BLOCKLEN];
X  uint8_t Iv[16];
N#endif
N};
N
Nvoid AES_init_ctx(struct AES_ctx* ctx, const uint8_t* key);
N#if (defined(CBC) && (CBC == 1)) || (defined(CTR) && (CTR == 1))
X#if (1L && (1 == 1)) || (1L && (1 == 1))
Nvoid AES_init_ctx_iv(struct AES_ctx* ctx, const uint8_t* key, const uint8_t* iv);
Nvoid AES_ctx_set_iv(struct AES_ctx* ctx, const uint8_t* iv);
N#endif
N
N#if defined(ECB) && (ECB == 1)
X#if 1L && (1 == 1)
N// buffer size is exactly AES_BLOCKLEN bytes; 
N// you need only AES_init_ctx as IV is not used in ECB 
N// NB: ECB is considered insecure for most uses
Nvoid AES_ECB_encrypt(struct AES_ctx* ctx, const uint8_t* buf);
Nvoid AES_ECB_decrypt(struct AES_ctx* ctx, const uint8_t* buf);
N
N#endif // #if defined(ECB) && (ECB == !)
N
N
N#if defined(CBC) && (CBC == 1)
X#if 1L && (1 == 1)
N// buffer size MUST be mutile of AES_BLOCKLEN;
N// Suggest https://en.wikipedia.org/wiki/Padding_(cryptography)#PKCS7 for padding scheme
N// NOTES: you need to set IV in ctx via AES_init_ctx_iv() or AES_ctx_set_iv()
N//        no IV should ever be reused with the same key 
Nvoid AES_CBC_encrypt_buffer(struct AES_ctx* ctx, uint8_t* buf, uint32_t length);
Nvoid AES_CBC_decrypt_buffer(struct AES_ctx* ctx, uint8_t* buf, uint32_t length);
N
N#endif // #if defined(CBC) && (CBC == 1)
N
N
N#if defined(CTR) && (CTR == 1)
X#if 1L && (1 == 1)
N
N// Same function for encrypting as for decrypting. 
N// IV is incremented for every block, and used after encryption as XOR-compliment for output
N// Suggesting https://en.wikipedia.org/wiki/Padding_(cryptography)#PKCS7 for padding scheme
N// NOTES: you need to set IV in ctx with AES_init_ctx_iv() or AES_ctx_set_iv()
N//        no IV should ever be reused with the same key 
Nvoid AES_CTR_xcrypt_buffer(struct AES_ctx* ctx, uint8_t* buf, uint32_t length);
N
N#endif // #if defined(CTR) && (CTR == 1)
N
N
N#endif //_AES_H_
L 32 "..\tplib\aes128.c" 2
N
N/*****************************************************************************/
N/* Defines:                                                                  */
N/*****************************************************************************/
N// The number of columns comprising a state in AES. This is a constant in AES. Value=4
N#define Nb 4
N
N#if defined(AES256) && (AES256 == 1)
X#if 0L && (AES256 == 1)
S    #define Nk 8
S    #define Nr 14
S#elif defined(AES192) && (AES192 == 1)
X#elif 0L && (AES192 == 1)
S    #define Nk 6
S    #define Nr 12
N#else
N    #define Nk 0        // The number of 32 bit words in a key.
N    #define Nr 0       // The number of rounds in AES Cipher.
N#endif
N
N// jcallan@github points out that declaring Multiply as a function 
N// reduces code size considerably with the Keil ARM compiler.
N// See this link for more information: https://github.com/kokke/tiny-AES-C/pull/3
N#ifndef MULTIPLY_AS_A_FUNCTION
N  #define MULTIPLY_AS_A_FUNCTION 0
N#endif
N
N
N
N
N/*****************************************************************************/
N/* Private variables:                                                        */
N/*****************************************************************************/
N// state - array holding the intermediate results during decryption.
Ntypedef uint8_t state_t[4][4];
N
N
N
N// The lookup-tables are marked const so they can be placed in read-only storage instead of RAM
N// The numbers below can be computed dynamically trading ROM for RAM - 
N// This can be useful in (embedded) bootloader applications, where ROM is often limited.
Nstatic const uint8_t sbox[256] = {
N  //0     1    2      3     4    5     6     7      8    9     A      B    C     D     E     F
N  0x63, 0x7c, 0x77, 0x7b, 0xf2, 0x6b, 0x6f, 0xc5, 0x30, 0x01, 0x67, 0x2b, 0xfe, 0xd7, 0xab, 0x76,
N  0xca, 0x82, 0xc9, 0x7d, 0xfa, 0x59, 0x47, 0xf0, 0xad, 0xd4, 0xa2, 0xaf, 0x9c, 0xa4, 0x72, 0xc0,
N  0xb7, 0xfd, 0x93, 0x26, 0x36, 0x3f, 0xf7, 0xcc, 0x34, 0xa5, 0xe5, 0xf1, 0x71, 0xd8, 0x31, 0x15,
N  0x04, 0xc7, 0x23, 0xc3, 0x18, 0x96, 0x05, 0x9a, 0x07, 0x12, 0x80, 0xe2, 0xeb, 0x27, 0xb2, 0x75,
N  0x09, 0x83, 0x2c, 0x1a, 0x1b, 0x6e, 0x5a, 0xa0, 0x52, 0x3b, 0xd6, 0xb3, 0x29, 0xe3, 0x2f, 0x84,
N  0x53, 0xd1, 0x00, 0xed, 0x20, 0xfc, 0xb1, 0x5b, 0x6a, 0xcb, 0xbe, 0x39, 0x4a, 0x4c, 0x58, 0xcf,
N  0xd0, 0xef, 0xaa, 0xfb, 0x43, 0x4d, 0x33, 0x85, 0x45, 0xf9, 0x02, 0x7f, 0x50, 0x3c, 0x9f, 0xa8,
N  0x51, 0xa3, 0x40, 0x8f, 0x92, 0x9d, 0x38, 0xf5, 0xbc, 0xb6, 0xda, 0x21, 0x10, 0xff, 0xf3, 0xd2,
N  0xcd, 0x0c, 0x13, 0xec, 0x5f, 0x97, 0x44, 0x17, 0xc4, 0xa7, 0x7e, 0x3d, 0x64, 0x5d, 0x19, 0x73,
N  0x60, 0x81, 0x4f, 0xdc, 0x22, 0x2a, 0x90, 0x88, 0x46, 0xee, 0xb8, 0x14, 0xde, 0x5e, 0x0b, 0xdb,
N  0xe0, 0x32, 0x3a, 0x0a, 0x49, 0x06, 0x24, 0x5c, 0xc2, 0xd3, 0xac, 0x62, 0x91, 0x95, 0xe4, 0x79,
N  0xe7, 0xc8, 0x37, 0x6d, 0x8d, 0xd5, 0x4e, 0xa9, 0x6c, 0x56, 0xf4, 0xea, 0x65, 0x7a, 0xae, 0x08,
N  0xba, 0x78, 0x25, 0x2e, 0x1c, 0xa6, 0xb4, 0xc6, 0xe8, 0xdd, 0x74, 0x1f, 0x4b, 0xbd, 0x8b, 0x8a,
N  0x70, 0x3e, 0xb5, 0x66, 0x48, 0x03, 0xf6, 0x0e, 0x61, 0x35, 0x57, 0xb9, 0x86, 0xc1, 0x1d, 0x9e,
N  0xe1, 0xf8, 0x98, 0x11, 0x69, 0xd9, 0x8e, 0x94, 0x9b, 0x1e, 0x87, 0xe9, 0xce, 0x55, 0x28, 0xdf,
N  0x8c, 0xa1, 0x89, 0x0d, 0xbf, 0xe6, 0x42, 0x68, 0x41, 0x99, 0x2d, 0x0f, 0xb0, 0x54, 0xbb, 0x16 };
N
Nstatic const uint8_t rsbox[256] = {
N  0x52, 0x09, 0x6a, 0xd5, 0x30, 0x36, 0xa5, 0x38, 0xbf, 0x40, 0xa3, 0x9e, 0x81, 0xf3, 0xd7, 0xfb,
N  0x7c, 0xe3, 0x39, 0x82, 0x9b, 0x2f, 0xff, 0x87, 0x34, 0x8e, 0x43, 0x44, 0xc4, 0xde, 0xe9, 0xcb,
N  0x54, 0x7b, 0x94, 0x32, 0xa6, 0xc2, 0x23, 0x3d, 0xee, 0x4c, 0x95, 0x0b, 0x42, 0xfa, 0xc3, 0x4e,
N  0x08, 0x2e, 0xa1, 0x66, 0x28, 0xd9, 0x24, 0xb2, 0x76, 0x5b, 0xa2, 0x49, 0x6d, 0x8b, 0xd1, 0x25,
N  0x72, 0xf8, 0xf6, 0x64, 0x86, 0x68, 0x98, 0x16, 0xd4, 0xa4, 0x5c, 0xcc, 0x5d, 0x65, 0xb6, 0x92,
N  0x6c, 0x70, 0x48, 0x50, 0xfd, 0xed, 0xb9, 0xda, 0x5e, 0x15, 0x46, 0x57, 0xa7, 0x8d, 0x9d, 0x84,
N  0x90, 0xd8, 0xab, 0x00, 0x8c, 0xbc, 0xd3, 0x0a, 0xf7, 0xe4, 0x58, 0x05, 0xb8, 0xb3, 0x45, 0x06,
N  0xd0, 0x2c, 0x1e, 0x8f, 0xca, 0x3f, 0x0f, 0x02, 0xc1, 0xaf, 0xbd, 0x03, 0x01, 0x13, 0x8a, 0x6b,
N  0x3a, 0x91, 0x11, 0x41, 0x4f, 0x67, 0xdc, 0xea, 0x97, 0xf2, 0xcf, 0xce, 0xf0, 0xb4, 0xe6, 0x73,
N  0x96, 0xac, 0x74, 0x22, 0xe7, 0xad, 0x35, 0x85, 0xe2, 0xf9, 0x37, 0xe8, 0x1c, 0x75, 0xdf, 0x6e,
N  0x47, 0xf1, 0x1a, 0x71, 0x1d, 0x29, 0xc5, 0x89, 0x6f, 0xb7, 0x62, 0x0e, 0xaa, 0x18, 0xbe, 0x1b,
N  0xfc, 0x56, 0x3e, 0x4b, 0xc6, 0xd2, 0x79, 0x20, 0x9a, 0xdb, 0xc0, 0xfe, 0x78, 0xcd, 0x5a, 0xf4,
N  0x1f, 0xdd, 0xa8, 0x33, 0x88, 0x07, 0xc7, 0x31, 0xb1, 0x12, 0x10, 0x59, 0x27, 0x80, 0xec, 0x5f,
N  0x60, 0x51, 0x7f, 0xa9, 0x19, 0xb5, 0x4a, 0x0d, 0x2d, 0xe5, 0x7a, 0x9f, 0x93, 0xc9, 0x9c, 0xef,
N  0xa0, 0xe0, 0x3b, 0x4d, 0xae, 0x2a, 0xf5, 0xb0, 0xc8, 0xeb, 0xbb, 0x3c, 0x83, 0x53, 0x99, 0x61,
N  0x17, 0x2b, 0x04, 0x7e, 0xba, 0x77, 0xd6, 0x26, 0xe1, 0x69, 0x14, 0x63, 0x55, 0x21, 0x0c, 0x7d };
N
N// The round constant word array, Rcon[i], contains the values given by 
N// x to the power (i-1) being powers of x (x is denoted as {02}) in the field GF(2^8)
N//static const uint8_t Rcon[11] = {
N//  0x8d, 0x01, 0x02, 0x04, 0x08, 0x10, 0x20, 0x40, 0x80, 0x1b, 0x36 };
N
N static const uint8_t Rcon[255] = {
N    0x8d, 0x01, 0x02, 0x04, 0x08, 0x10, 0x20, 0x40, 0x80, 0x1b, 0x36, 0x6c, 0xd8, 0xab, 0x4d, 0x9a, 
N    0x2f, 0x5e, 0xbc, 0x63, 0xc6, 0x97, 0x35, 0x6a, 0xd4, 0xb3, 0x7d, 0xfa, 0xef, 0xc5, 0x91, 0x39, 
N    0x72, 0xe4, 0xd3, 0xbd, 0x61, 0xc2, 0x9f, 0x25, 0x4a, 0x94, 0x33, 0x66, 0xcc, 0x83, 0x1d, 0x3a, 
N    0x74, 0xe8, 0xcb, 0x8d, 0x01, 0x02, 0x04, 0x08, 0x10, 0x20, 0x40, 0x80, 0x1b, 0x36, 0x6c, 0xd8, 
N    0xab, 0x4d, 0x9a, 0x2f, 0x5e, 0xbc, 0x63, 0xc6, 0x97, 0x35, 0x6a, 0xd4, 0xb3, 0x7d, 0xfa, 0xef, 
N    0xc5, 0x91, 0x39, 0x72, 0xe4, 0xd3, 0xbd, 0x61, 0xc2, 0x9f, 0x25, 0x4a, 0x94, 0x33, 0x66, 0xcc, 
N    0x83, 0x1d, 0x3a, 0x74, 0xe8, 0xcb, 0x8d, 0x01, 0x02, 0x04, 0x08, 0x10, 0x20, 0x40, 0x80, 0x1b, 
N    0x36, 0x6c, 0xd8, 0xab, 0x4d, 0x9a, 0x2f, 0x5e, 0xbc, 0x63, 0xc6, 0x97, 0x35, 0x6a, 0xd4, 0xb3, 
N    0x7d, 0xfa, 0xef, 0xc5, 0x91, 0x39, 0x72, 0xe4, 0xd3, 0xbd, 0x61, 0xc2, 0x9f, 0x25, 0x4a, 0x94, 
N    0x33, 0x66, 0xcc, 0x83, 0x1d, 0x3a, 0x74, 0xe8, 0xcb, 0x8d, 0x01, 0x02, 0x04, 0x08, 0x10, 0x20, 
N    0x40, 0x80, 0x1b, 0x36, 0x6c, 0xd8, 0xab, 0x4d, 0x9a, 0x2f, 0x5e, 0xbc, 0x63, 0xc6, 0x97, 0x35, 
N    0x6a, 0xd4, 0xb3, 0x7d, 0xfa, 0xef, 0xc5, 0x91, 0x39, 0x72, 0xe4, 0xd3, 0xbd, 0x61, 0xc2, 0x9f, 
N    0x25, 0x4a, 0x94, 0x33, 0x66, 0xcc, 0x83, 0x1d, 0x3a, 0x74, 0xe8, 0xcb, 0x8d, 0x01, 0x02, 0x04, 
N    0x08, 0x10, 0x20, 0x40, 0x80, 0x1b, 0x36, 0x6c, 0xd8, 0xab, 0x4d, 0x9a, 0x2f, 0x5e, 0xbc, 0x63, 
N    0xc6, 0x97, 0x35, 0x6a, 0xd4, 0xb3, 0x7d, 0xfa, 0xef, 0xc5, 0x91, 0x39, 0x72, 0xe4, 0xd3, 0xbd, 
N    0x61, 0xc2, 0x9f, 0x25, 0x4a, 0x94, 0x33, 0x66, 0xcc, 0x83, 0x1d, 0x3a, 0x74, 0xe8, 0xcb  }; 
N  
N/*
N * Jordan Goulder points out in PR #12 (https://github.com/kokke/tiny-AES-C/pull/12),
N * that you can remove most of the elements in the Rcon array, because they are unused.
N *
N * From Wikipedia's article on the Rijndael key schedule @ https://en.wikipedia.org/wiki/Rijndael_key_schedule#Rcon
N * 
N * "Only the first some of these constants are actually used  up to rcon[10] for AES-128 (as 11 round keys are needed), 
N *  up to rcon[8] for AES-192, up to rcon[7] for AES-256. rcon[0] is not used in AES algorithm."
N */
N
N
N/*****************************************************************************/
N/* Private functions:                                                        */
N/*****************************************************************************/
N/*
Nstatic uint8_t getSBoxValue(uint8_t num)
N{
N  return sbox[num];
N}
N*/
N#define getSBoxValue(num) (sbox[(num)])
N/*
Nstatic uint8_t getSBoxInvert(uint8_t num)
N{
N  return rsbox[num];
N}
N*/
N#define getSBoxInvert(num) (rsbox[(num)])
N
N// This function produces Nb(Nr+1) round keys. The round keys are used in each round to decrypt the states. 
Nstatic void KeyExpansion(uint8_t* RoundKey, const uint8_t* Key)
N{
N  unsigned i, j, k;
N  uint8_t tempa[4]; // Used for the column/row operations
N  
N  // The first round key is the key itself.
N  for (i = 0; i < Nk; ++i)
X  for (i = 0; i < 0; ++i)
N  {
N    RoundKey[(i * 4) + 0] = Key[(i * 4) + 0];
N    RoundKey[(i * 4) + 1] = Key[(i * 4) + 1];
N    RoundKey[(i * 4) + 2] = Key[(i * 4) + 2];
N    RoundKey[(i * 4) + 3] = Key[(i * 4) + 3];
N  }
N
N  // All other round keys are found from the previous round keys.
N  for (i = Nk; i < Nb * (Nr + 1); ++i)
X  for (i = 0; i < 4 * (0 + 1); ++i)
N  {
N    {
N      k = (i - 1) * 4;
N      tempa[0]=RoundKey[k + 0];
N      tempa[1]=RoundKey[k + 1];
N      tempa[2]=RoundKey[k + 2];
N      tempa[3]=RoundKey[k + 3];
N
N    }
N
N    if (i % Nk == 0)
X    if (i % 0 == 0)
N    {
N      // This function shifts the 4 bytes in a word to the left once.
N      // [a0,a1,a2,a3] becomes [a1,a2,a3,a0]
N
N      // Function RotWord()
N      {
N        k = tempa[0];
N        tempa[0] = tempa[1];
N        tempa[1] = tempa[2];
N        tempa[2] = tempa[3];
N        tempa[3] = k;
N      }
N
N      // SubWord() is a function that takes a four-byte input word and 
N      // applies the S-box to each of the four bytes to produce an output word.
N
N      // Function Subword()
N      {
N        tempa[0] = getSBoxValue(tempa[0]);
X        tempa[0] = (sbox[(tempa[0])]);
N        tempa[1] = getSBoxValue(tempa[1]);
X        tempa[1] = (sbox[(tempa[1])]);
N        tempa[2] = getSBoxValue(tempa[2]);
X        tempa[2] = (sbox[(tempa[2])]);
N        tempa[3] = getSBoxValue(tempa[3]);
X        tempa[3] = (sbox[(tempa[3])]);
N      }
N
N      tempa[0] = tempa[0] ^ Rcon[i/Nk];
X      tempa[0] = tempa[0] ^ Rcon[i/0];
N    }
N#if defined(AES256) && (AES256 == 1)
X#if 0L && (AES256 == 1)
S    if (i % Nk == 4)
S    {
S      // Function Subword()
S      {
S        tempa[0] = getSBoxValue(tempa[0]);
S        tempa[1] = getSBoxValue(tempa[1]);
S        tempa[2] = getSBoxValue(tempa[2]);
S        tempa[3] = getSBoxValue(tempa[3]);
S      }
S    }
N#endif
N    j = i * 4; k=(i - Nk) * 4;
X    j = i * 4; k=(i - 0) * 4;
N    RoundKey[j + 0] = RoundKey[k + 0] ^ tempa[0];
N    RoundKey[j + 1] = RoundKey[k + 1] ^ tempa[1];
N    RoundKey[j + 2] = RoundKey[k + 2] ^ tempa[2];
N    RoundKey[j + 3] = RoundKey[k + 3] ^ tempa[3];
N  }
N}
N
Nvoid AES_init_ctx(struct AES_ctx* ctx, const uint8_t* key)
N{
N  KeyExpansion(ctx->RoundKey, key);
N}
N#if (defined(CBC) && (CBC == 1)) || (defined(CTR) && (CTR == 1))
X#if (1L && (1 == 1)) || (1L && (1 == 1))
Nvoid AES_init_ctx_iv(struct AES_ctx* ctx, const uint8_t* key, const uint8_t* iv)
N{
N  KeyExpansion(ctx->RoundKey, key);
N  memcpy (ctx->Iv, iv, AES_BLOCKLEN);
X  memcpy (ctx->Iv, iv, 16);
N}
Nvoid AES_ctx_set_iv(struct AES_ctx* ctx, const uint8_t* iv)
N{
N  memcpy (ctx->Iv, iv, AES_BLOCKLEN);
X  memcpy (ctx->Iv, iv, 16);
N}
N#endif
N
N// This function adds the round key to state.
N// The round key is added to the state by an XOR function.
Nstatic void AddRoundKey(uint8_t round,state_t* state,uint8_t* RoundKey)
N{
N  uint8_t i,j;
N  for (i = 0; i < 4; ++i)
N  {
N    for (j = 0; j < 4; ++j)
N    {
N      (*state)[i][j] ^= RoundKey[(round * Nb * 4) + (i * Nb) + j];
X      (*state)[i][j] ^= RoundKey[(round * 4 * 4) + (i * 4) + j];
N    }
N  }
N}
N
N// The SubBytes Function Substitutes the values in the
N// state matrix with values in an S-box.
Nstatic void SubBytes(state_t* state)
N{
N  uint8_t i, j;
N  for (i = 0; i < 4; ++i)
N  {
N    for (j = 0; j < 4; ++j)
N    {
N      (*state)[j][i] = getSBoxValue((*state)[j][i]);
X      (*state)[j][i] = (sbox[((*state)[j][i])]);
N    }
N  }
N}
N
N// The ShiftRows() function shifts the rows in the state to the left.
N// Each row is shifted with different offset.
N// Offset = Row number. So the first row is not shifted.
Nstatic void ShiftRows(state_t* state)
N{
N  uint8_t temp;
N
N  // Rotate first row 1 columns to left  
N  temp           = (*state)[0][1];
N  (*state)[0][1] = (*state)[1][1];
N  (*state)[1][1] = (*state)[2][1];
N  (*state)[2][1] = (*state)[3][1];
N  (*state)[3][1] = temp;
N
N  // Rotate second row 2 columns to left  
N  temp           = (*state)[0][2];
N  (*state)[0][2] = (*state)[2][2];
N  (*state)[2][2] = temp;
N
N  temp           = (*state)[1][2];
N  (*state)[1][2] = (*state)[3][2];
N  (*state)[3][2] = temp;
N
N  // Rotate third row 3 columns to left
N  temp           = (*state)[0][3];
N  (*state)[0][3] = (*state)[3][3];
N  (*state)[3][3] = (*state)[2][3];
N  (*state)[2][3] = (*state)[1][3];
N  (*state)[1][3] = temp;
N}
N
Nstatic uint8_t xtime(uint8_t x)
N{
N  return ((x<<1) ^ (((x>>7) & 1) * 0x1b));
N}
N
N// MixColumns function mixes the columns of the state matrix
Nstatic void MixColumns(state_t* state)
N{
N  uint8_t i;
N  uint8_t Tmp, Tm, t;
N  for (i = 0; i < 4; ++i)
N  {  
N    t   = (*state)[i][0];
N    Tmp = (*state)[i][0] ^ (*state)[i][1] ^ (*state)[i][2] ^ (*state)[i][3] ;
N    Tm  = (*state)[i][0] ^ (*state)[i][1] ; Tm = xtime(Tm);  (*state)[i][0] ^= Tm ^ Tmp ;
N    Tm  = (*state)[i][1] ^ (*state)[i][2] ; Tm = xtime(Tm);  (*state)[i][1] ^= Tm ^ Tmp ;
N    Tm  = (*state)[i][2] ^ (*state)[i][3] ; Tm = xtime(Tm);  (*state)[i][2] ^= Tm ^ Tmp ;
N    Tm  = (*state)[i][3] ^ t ;              Tm = xtime(Tm);  (*state)[i][3] ^= Tm ^ Tmp ;
N  }
N}
N
N// Multiply is used to multiply numbers in the field GF(2^8)
N#if MULTIPLY_AS_A_FUNCTION
X#if 0
Sstatic uint8_t Multiply(uint8_t x, uint8_t y)
S{
S  return (((y & 1) * x) ^
S       ((y>>1 & 1) * xtime(x)) ^
S       ((y>>2 & 1) * xtime(xtime(x))) ^
S       ((y>>3 & 1) * xtime(xtime(xtime(x)))) ^
S       ((y>>4 & 1) * xtime(xtime(xtime(xtime(x))))));
S  }
N#else
N#define Multiply(x, y)                                \
N      (  ((y & 1) * x) ^                              \
N      ((y>>1 & 1) * xtime(x)) ^                       \
N      ((y>>2 & 1) * xtime(xtime(x))) ^                \
N      ((y>>3 & 1) * xtime(xtime(xtime(x)))) ^         \
N      ((y>>4 & 1) * xtime(xtime(xtime(xtime(x))))))   \
N
X#define Multiply(x, y)                                      (  ((y & 1) * x) ^                                    ((y>>1 & 1) * xtime(x)) ^                             ((y>>2 & 1) * xtime(xtime(x))) ^                      ((y>>3 & 1) * xtime(xtime(xtime(x)))) ^               ((y>>4 & 1) * xtime(xtime(xtime(xtime(x))))))   
N#endif
N
N// MixColumns function mixes the columns of the state matrix.
N// The method used to multiply may be difficult to understand for the inexperienced.
N// Please use the references to gain more information.
Nstatic void InvMixColumns(state_t* state)
N{
N  int i;
N  uint8_t a, b, c, d;
N  for (i = 0; i < 4; ++i)
N  { 
N    a = (*state)[i][0];
N    b = (*state)[i][1];
N    c = (*state)[i][2];
N    d = (*state)[i][3];
N
N    (*state)[i][0] = Multiply(a, 0x0e) ^ Multiply(b, 0x0b) ^ Multiply(c, 0x0d) ^ Multiply(d, 0x09);
X    (*state)[i][0] = ( ((0x0e & 1) * a) ^ ((0x0e>>1 & 1) * xtime(a)) ^ ((0x0e>>2 & 1) * xtime(xtime(a))) ^ ((0x0e>>3 & 1) * xtime(xtime(xtime(a)))) ^ ((0x0e>>4 & 1) * xtime(xtime(xtime(xtime(a)))))) ^ ( ((0x0b & 1) * b) ^ ((0x0b>>1 & 1) * xtime(b)) ^ ((0x0b>>2 & 1) * xtime(xtime(b))) ^ ((0x0b>>3 & 1) * xtime(xtime(xtime(b)))) ^ ((0x0b>>4 & 1) * xtime(xtime(xtime(xtime(b)))))) ^ ( ((0x0d & 1) * c) ^ ((0x0d>>1 & 1) * xtime(c)) ^ ((0x0d>>2 & 1) * xtime(xtime(c))) ^ ((0x0d>>3 & 1) * xtime(xtime(xtime(c)))) ^ ((0x0d>>4 & 1) * xtime(xtime(xtime(xtime(c)))))) ^ ( ((0x09 & 1) * d) ^ ((0x09>>1 & 1) * xtime(d)) ^ ((0x09>>2 & 1) * xtime(xtime(d))) ^ ((0x09>>3 & 1) * xtime(xtime(xtime(d)))) ^ ((0x09>>4 & 1) * xtime(xtime(xtime(xtime(d))))));
N    (*state)[i][1] = Multiply(a, 0x09) ^ Multiply(b, 0x0e) ^ Multiply(c, 0x0b) ^ Multiply(d, 0x0d);
X    (*state)[i][1] = ( ((0x09 & 1) * a) ^ ((0x09>>1 & 1) * xtime(a)) ^ ((0x09>>2 & 1) * xtime(xtime(a))) ^ ((0x09>>3 & 1) * xtime(xtime(xtime(a)))) ^ ((0x09>>4 & 1) * xtime(xtime(xtime(xtime(a)))))) ^ ( ((0x0e & 1) * b) ^ ((0x0e>>1 & 1) * xtime(b)) ^ ((0x0e>>2 & 1) * xtime(xtime(b))) ^ ((0x0e>>3 & 1) * xtime(xtime(xtime(b)))) ^ ((0x0e>>4 & 1) * xtime(xtime(xtime(xtime(b)))))) ^ ( ((0x0b & 1) * c) ^ ((0x0b>>1 & 1) * xtime(c)) ^ ((0x0b>>2 & 1) * xtime(xtime(c))) ^ ((0x0b>>3 & 1) * xtime(xtime(xtime(c)))) ^ ((0x0b>>4 & 1) * xtime(xtime(xtime(xtime(c)))))) ^ ( ((0x0d & 1) * d) ^ ((0x0d>>1 & 1) * xtime(d)) ^ ((0x0d>>2 & 1) * xtime(xtime(d))) ^ ((0x0d>>3 & 1) * xtime(xtime(xtime(d)))) ^ ((0x0d>>4 & 1) * xtime(xtime(xtime(xtime(d))))));
N    (*state)[i][2] = Multiply(a, 0x0d) ^ Multiply(b, 0x09) ^ Multiply(c, 0x0e) ^ Multiply(d, 0x0b);
X    (*state)[i][2] = ( ((0x0d & 1) * a) ^ ((0x0d>>1 & 1) * xtime(a)) ^ ((0x0d>>2 & 1) * xtime(xtime(a))) ^ ((0x0d>>3 & 1) * xtime(xtime(xtime(a)))) ^ ((0x0d>>4 & 1) * xtime(xtime(xtime(xtime(a)))))) ^ ( ((0x09 & 1) * b) ^ ((0x09>>1 & 1) * xtime(b)) ^ ((0x09>>2 & 1) * xtime(xtime(b))) ^ ((0x09>>3 & 1) * xtime(xtime(xtime(b)))) ^ ((0x09>>4 & 1) * xtime(xtime(xtime(xtime(b)))))) ^ ( ((0x0e & 1) * c) ^ ((0x0e>>1 & 1) * xtime(c)) ^ ((0x0e>>2 & 1) * xtime(xtime(c))) ^ ((0x0e>>3 & 1) * xtime(xtime(xtime(c)))) ^ ((0x0e>>4 & 1) * xtime(xtime(xtime(xtime(c)))))) ^ ( ((0x0b & 1) * d) ^ ((0x0b>>1 & 1) * xtime(d)) ^ ((0x0b>>2 & 1) * xtime(xtime(d))) ^ ((0x0b>>3 & 1) * xtime(xtime(xtime(d)))) ^ ((0x0b>>4 & 1) * xtime(xtime(xtime(xtime(d))))));
N    (*state)[i][3] = Multiply(a, 0x0b) ^ Multiply(b, 0x0d) ^ Multiply(c, 0x09) ^ Multiply(d, 0x0e);
X    (*state)[i][3] = ( ((0x0b & 1) * a) ^ ((0x0b>>1 & 1) * xtime(a)) ^ ((0x0b>>2 & 1) * xtime(xtime(a))) ^ ((0x0b>>3 & 1) * xtime(xtime(xtime(a)))) ^ ((0x0b>>4 & 1) * xtime(xtime(xtime(xtime(a)))))) ^ ( ((0x0d & 1) * b) ^ ((0x0d>>1 & 1) * xtime(b)) ^ ((0x0d>>2 & 1) * xtime(xtime(b))) ^ ((0x0d>>3 & 1) * xtime(xtime(xtime(b)))) ^ ((0x0d>>4 & 1) * xtime(xtime(xtime(xtime(b)))))) ^ ( ((0x09 & 1) * c) ^ ((0x09>>1 & 1) * xtime(c)) ^ ((0x09>>2 & 1) * xtime(xtime(c))) ^ ((0x09>>3 & 1) * xtime(xtime(xtime(c)))) ^ ((0x09>>4 & 1) * xtime(xtime(xtime(xtime(c)))))) ^ ( ((0x0e & 1) * d) ^ ((0x0e>>1 & 1) * xtime(d)) ^ ((0x0e>>2 & 1) * xtime(xtime(d))) ^ ((0x0e>>3 & 1) * xtime(xtime(xtime(d)))) ^ ((0x0e>>4 & 1) * xtime(xtime(xtime(xtime(d))))));
N  }
N}
N
N
N// The SubBytes Function Substitutes the values in the
N// state matrix with values in an S-box.
Nstatic void InvSubBytes(state_t* state)
N{
N  uint8_t i, j;
N  for (i = 0; i < 4; ++i)
N  {
N    for (j = 0; j < 4; ++j)
N    {
N      (*state)[j][i] = getSBoxInvert((*state)[j][i]);
X      (*state)[j][i] = (rsbox[((*state)[j][i])]);
N    }
N  }
N}
N
Nstatic void InvShiftRows(state_t* state)
N{
N  uint8_t temp;
N
N  // Rotate first row 1 columns to right  
N  temp = (*state)[3][1];
N  (*state)[3][1] = (*state)[2][1];
N  (*state)[2][1] = (*state)[1][1];
N  (*state)[1][1] = (*state)[0][1];
N  (*state)[0][1] = temp;
N
N  // Rotate second row 2 columns to right 
N  temp = (*state)[0][2];
N  (*state)[0][2] = (*state)[2][2];
N  (*state)[2][2] = temp;
N
N  temp = (*state)[1][2];
N  (*state)[1][2] = (*state)[3][2];
N  (*state)[3][2] = temp;
N
N  // Rotate third row 3 columns to right
N  temp = (*state)[0][3];
N  (*state)[0][3] = (*state)[1][3];
N  (*state)[1][3] = (*state)[2][3];
N  (*state)[2][3] = (*state)[3][3];
N  (*state)[3][3] = temp;
N}
N
N
N// Cipher is the main function that encrypts the PlainText.
Nstatic void Cipher(state_t* state, uint8_t* RoundKey)
N{
N  uint8_t round = 0;
N
N  // Add the First round key to the state before starting the rounds.
N  AddRoundKey(0, state, RoundKey); 
N  
N  // There will be Nr rounds.
N  // The first Nr-1 rounds are identical.
N  // These Nr-1 rounds are executed in the loop below.
N  for (round = 1; round < Nr; ++round)
X  for (round = 1; round < 0; ++round)
N  {
N    SubBytes(state);
N    ShiftRows(state);
N    MixColumns(state);
N    AddRoundKey(round, state, RoundKey);
N  }
N  
N  // The last round is given below.
N  // The MixColumns function is not here in the last round.
N  SubBytes(state);
N  ShiftRows(state);
N  AddRoundKey(Nr, state, RoundKey);
X  AddRoundKey(0, state, RoundKey);
N}
N
Nstatic void InvCipher(state_t* state,uint8_t* RoundKey)
N{
N  uint8_t round = 0;
N
N  // Add the First round key to the state before starting the rounds.
N  AddRoundKey(Nr, state, RoundKey); 
X  AddRoundKey(0, state, RoundKey); 
N
N  // There will be Nr rounds.
N  // The first Nr-1 rounds are identical.
N  // These Nr-1 rounds are executed in the loop below.
N  for (round = (Nr - 1); round > 0; --round)
X  for (round = (0 - 1); round > 0; --round)
N  {
N    InvShiftRows(state);
N    InvSubBytes(state);
N    AddRoundKey(round, state, RoundKey);
N    InvMixColumns(state);
N  }
N  
N  // The last round is given below.
N  // The MixColumns function is not here in the last round.
N  InvShiftRows(state);
N  InvSubBytes(state);
N  AddRoundKey(0, state, RoundKey);
N}
N
N
N/*****************************************************************************/
N/* Public functions:                                                         */
N/*****************************************************************************/
N#if defined(ECB) && (ECB == 1)
X#if 1L && (1 == 1)
N
N
Nvoid AES_ECB_encrypt(struct AES_ctx *ctx,const uint8_t* buf)
N{
N  // The next function call encrypts the PlainText with the Key using AES algorithm.
N  Cipher((state_t*)buf, ctx->RoundKey);
N}
N
Nvoid AES_ECB_decrypt(struct AES_ctx* ctx,const uint8_t* buf)
N{
N  // The next function call decrypts the PlainText with the Key using AES algorithm.
N  InvCipher((state_t*)buf, ctx->RoundKey);
N}
N
N
N#endif // #if defined(ECB) && (ECB == 1)
N
N
N
N
N
N#if defined(CBC) && (CBC == 1)
X#if 1L && (1 == 1)
N
N
Nstatic void XorWithIv(uint8_t* buf, uint8_t* Iv)
N{
N  uint8_t i;
N  for (i = 0; i < AES_BLOCKLEN; ++i) // The block in AES is always 128bit no matter the key size
X  for (i = 0; i < 16; ++i) 
N  {
N    buf[i] ^= Iv[i];
N  }
N}
N
Nvoid AES_CBC_encrypt_buffer(struct AES_ctx *ctx,uint8_t* buf, uint32_t length)
N{
N  uintptr_t i;
N  uint8_t *Iv = ctx->Iv;
N  for (i = 0; i < length; i += AES_BLOCKLEN)
X  for (i = 0; i < length; i += 16)
N  {
N    XorWithIv(buf, Iv);
N    Cipher((state_t*)buf, ctx->RoundKey);
N    Iv = buf;
N    buf += AES_BLOCKLEN;
X    buf += 16;
N    //printf("Step %d - %d", i/16, i);
N  }
N  /* store Iv in ctx for next call */
N  memcpy(ctx->Iv, Iv, AES_BLOCKLEN);
X  memcpy(ctx->Iv, Iv, 16);
N}
N
Nvoid AES_CBC_decrypt_buffer(struct AES_ctx* ctx, uint8_t* buf,  uint32_t length)
N{
N  uintptr_t i;
N  uint8_t storeNextIv[AES_BLOCKLEN];
X  uint8_t storeNextIv[16];
N  for (i = 0; i < length; i += AES_BLOCKLEN)
X  for (i = 0; i < length; i += 16)
N  {
N    memcpy(storeNextIv, buf, AES_BLOCKLEN);
X    memcpy(storeNextIv, buf, 16);
N    InvCipher((state_t*)buf, ctx->RoundKey);
N    XorWithIv(buf, ctx->Iv);
N    memcpy(ctx->Iv, storeNextIv, AES_BLOCKLEN);
X    memcpy(ctx->Iv, storeNextIv, 16);
N    buf += AES_BLOCKLEN;
X    buf += 16;
N  }
N
N}
N
N#endif // #if defined(CBC) && (CBC == 1)
N
N
N
N#if defined(CTR) && (CTR == 1)
X#if 1L && (1 == 1)
N
N/* Symmetrical operation: same function for encrypting as for decrypting. Note any IV/nonce should never be reused with the same key */
Nvoid AES_CTR_xcrypt_buffer(struct AES_ctx* ctx, uint8_t* buf, uint32_t length)
N{
N  uint8_t buffer[AES_BLOCKLEN];
X  uint8_t buffer[16];
N  
N  unsigned i;
N  int bi;
N  for (i = 0, bi = AES_BLOCKLEN; i < length; ++i, ++bi)
X  for (i = 0, bi = 16; i < length; ++i, ++bi)
N  {
N    if (bi == AES_BLOCKLEN) /* we need to regen xor compliment in buffer */
X    if (bi == 16)  
N    {
N      
N      memcpy(buffer, ctx->Iv, AES_BLOCKLEN);
X      memcpy(buffer, ctx->Iv, 16);
N      Cipher((state_t*)buffer,ctx->RoundKey);
N
N      /* Increment Iv and handle overflow */
N      for (bi = (AES_BLOCKLEN - 1); bi >= 0; --bi)
X      for (bi = (16 - 1); bi >= 0; --bi)
N      {
N	/* inc will owerflow */
N        if (ctx->Iv[bi] == 255)
N	{
N          ctx->Iv[bi] = 0;
N          continue;
N        } 
N        ctx->Iv[bi] += 1;
N        break;   
N      }
N      bi = 0;
N    }
N
N    buf[i] = (buf[i] ^ buffer[bi]);
N  }
N}
N
N#endif // #if defined(CTR) && (CTR == 1)
